{"numTotalTestSuites":22,"numPassedTestSuites":22,"numFailedTestSuites":0,"numPendingTestSuites":0,"numTotalTests":70,"numPassedTests":70,"numFailedTests":0,"numPendingTests":0,"numTodoTests":0,"startTime":1782788312199,"success":true,"testResults":[{"assertionResults":[{"ancestorTitles":["","isAdmin — reads ADMIN_USER_IDS at call time"],"fullName":" isAdmin — reads ADMIN_USER_IDS at call time returns isAdmin:true for an email in ADMIN_USER_IDS","status":"passed","title":"returns isAdmin:true for an email in ADMIN_USER_IDS","duration":74,"failureMessages":[]},{"ancestorTitles":["","isAdmin — reads ADMIN_USER_IDS at call time"],"fullName":" isAdmin — reads ADMIN_USER_IDS at call time returns isAdmin:false for an email NOT in ADMIN_USER_IDS","status":"passed","title":"returns isAdmin:false for an email NOT in ADMIN_USER_IDS","duration":31,"failureMessages":[]},{"ancestorTitles":["","isAdmin — reads ADMIN_USER_IDS at call time"],"fullName":" isAdmin — reads ADMIN_USER_IDS at call time is case-insensitive","status":"passed","title":"is case-insensitive","duration":17,"failureMessages":[]},{"ancestorTitles":["","isAdmin — reads ADMIN_USER_IDS at call time"],"fullName":" isAdmin — reads ADMIN_USER_IDS at call time returns isAdmin:false when ADMIN_USER_IDS is empty","status":"passed","title":"returns isAdmin:false when ADMIN_USER_IDS is empty","duration":14,"failureMessages":[]},{"ancestorTitles":["","isAdmin — reads ADMIN_USER_IDS at call time"],"fullName":" isAdmin — reads ADMIN_USER_IDS at call time returns isAdmin:false when ADMIN_USER_IDS is not set","status":"passed","title":"returns isAdmin:false when ADMIN_USER_IDS is not set","duration":7,"failureMessages":[]},{"ancestorTitles":["","GET /admin/users"],"fullName":" GET /admin/users returns 401 with no auth header","status":"passed","title":"returns 401 with no auth header","duration":6,"failureMessages":[]},{"ancestorTitles":["","GET /admin/users"],"fullName":" GET /admin/users returns 403 for a non-admin user","status":"passed","title":"returns 403 for a non-admin user","duration":5,"failureMessages":[]},{"ancestorTitles":["","GET /admin/users"],"fullName":" GET /admin/users returns 200 and user list for an admin user","status":"passed","title":"returns 200 and user list for an admin user","duration":6,"failureMessages":[]},{"ancestorTitles":["","GET /admin/analytics"],"fullName":" GET /admin/analytics returns 401 with no auth header","status":"passed","title":"returns 401 with no auth header","duration":6,"failureMessages":[]},{"ancestorTitles":["","GET /admin/analytics"],"fullName":" GET /admin/analytics returns 403 for a non-admin user","status":"passed","title":"returns 403 for a non-admin user","duration":6,"failureMessages":[]},{"ancestorTitles":["","GET /admin/analytics"],"fullName":" GET /admin/analytics returns 200 with analytics shape for an admin user","status":"passed","title":"returns 200 with analytics shape for an admin user","duration":4,"failureMessages":[]}],"startTime":1782788315616,"endTime":1782788315793,"status":"passed","message":"","name":"/Users/subrahmanyaspilli/Desktop/credit-ai-app/backend/test/adminAccess.test.ts"},{"assertionResults":[{"ancestorTitles":["","extractTransactionsAI"],"fullName":" extractTransactionsAI parses a valid JSON array from the AI response","status":"passed","title":"parses a valid JSON array from the AI response","duration":9,"failureMessages":[]},{"ancestorTitles":["","extractTransactionsAI"],"fullName":" extractTransactionsAI strips markdown fences before parsing","status":"passed","title":"strips markdown fences before parsing","duration":2,"failureMessages":[]},{"ancestorTitles":["","extractTransactionsAI"],"fullName":" extractTransactionsAI returns [] when AI returns an empty array","status":"passed","title":"returns [] when AI returns an empty array","duration":1,"failureMessages":[]},{"ancestorTitles":["","extractTransactionsAI"],"fullName":" extractTransactionsAI returns [] when AI returns a non-array JSON value","status":"passed","title":"returns [] when AI returns a non-array JSON value","duration":2,"failureMessages":[]},{"ancestorTitles":["","extractTransactionsAI"],"fullName":" extractTransactionsAI returns [] when AI returns malformed JSON","status":"passed","title":"returns [] when AI returns malformed JSON","duration":11,"failureMessages":[]},{"ancestorTitles":["","extractTransactionsAI"],"fullName":" extractTransactionsAI returns [] on APIConnectionTimeoutError","status":"passed","title":"returns [] on APIConnectionTimeoutError","duration":2,"failureMessages":[]},{"ancestorTitles":["","extractTransactionsAI"],"fullName":" extractTransactionsAI returns [] on unexpected error","status":"passed","title":"returns [] on unexpected error","duration":1,"failureMessages":[]},{"ancestorTitles":["","generateInsights"],"fullName":" generateInsights returns the AI response content directly","status":"passed","title":"returns the AI response content directly","duration":0,"failureMessages":[]},{"ancestorTitles":["","generateInsights"],"fullName":" generateInsights returns empty string when AI returns null content","status":"passed","title":"returns empty string when AI returns null content","duration":4,"failureMessages":[]},{"ancestorTitles":["","generateInsights"],"fullName":" generateInsights returns empty string on APIConnectionTimeoutError","status":"passed","title":"returns empty string on APIConnectionTimeoutError","duration":2,"failureMessages":[]},{"ancestorTitles":["","generateInsights"],"fullName":" generateInsights returns empty string on unexpected error","status":"passed","title":"returns empty string on unexpected error","duration":7,"failureMessages":[]},{"ancestorTitles":["","generateFinancialAnalysisAI"],"fullName":" generateFinancialAnalysisAI returns parsed values when AI returns a valid JSON object","status":"passed","title":"returns parsed values when AI returns a valid JSON object","duration":148,"failureMessages":[]},{"ancestorTitles":["","generateFinancialAnalysisAI"],"fullName":" generateFinancialAnalysisAI strips markdown fences before parsing","status":"passed","title":"strips markdown fences before parsing","duration":4,"failureMessages":[]},{"ancestorTitles":["","generateFinancialAnalysisAI"],"fullName":" generateFinancialAnalysisAI falls back to defaults for missing numeric fields","status":"passed","title":"falls back to defaults for missing numeric fields","duration":1,"failureMessages":[]},{"ancestorTitles":["","generateFinancialAnalysisAI"],"fullName":" generateFinancialAnalysisAI falls back to defaults for missing array fields","status":"passed","title":"falls back to defaults for missing array fields","duration":1,"failureMessages":[]},{"ancestorTitles":["","generateFinancialAnalysisAI"],"fullName":" generateFinancialAnalysisAI returns fallback with product list on malformed JSON","status":"passed","title":"returns fallback with product list on malformed JSON","duration":4,"failureMessages":[]},{"ancestorTitles":["","generateFinancialAnalysisAI"],"fullName":" generateFinancialAnalysisAI returns fallback on APIConnectionTimeoutError","status":"passed","title":"returns fallback on APIConnectionTimeoutError","duration":2,"failureMessages":[]},{"ancestorTitles":["","generateFinancialAnalysisAI"],"fullName":" generateFinancialAnalysisAI returns fallback on unexpected error","status":"passed","title":"returns fallback on unexpected error","duration":18,"failureMessages":[]}],"startTime":1782788313430,"endTime":1782788313653,"status":"passed","message":"","name":"/Users/subrahmanyaspilli/Desktop/credit-ai-app/backend/test/aiService.test.ts"},{"assertionResults":[{"ancestorTitles":["","POST /auth/google-exchange — ENABLE_GOOGLE_EXCHANGE toggle"],"fullName":" POST /auth/google-exchange — ENABLE_GOOGLE_EXCHANGE toggle returns 501 when ENABLE_GOOGLE_EXCHANGE is unset","status":"passed","title":"returns 501 when ENABLE_GOOGLE_EXCHANGE is unset","duration":54,"failureMessages":[]},{"ancestorTitles":["","POST /auth/google-exchange — ENABLE_GOOGLE_EXCHANGE toggle"],"fullName":" POST /auth/google-exchange — ENABLE_GOOGLE_EXCHANGE toggle returns 501 when ENABLE_GOOGLE_EXCHANGE is \"false\"","status":"passed","title":"returns 501 when ENABLE_GOOGLE_EXCHANGE is \"false\"","duration":6,"failureMessages":[]},{"ancestorTitles":["","POST /auth/google-exchange — ENABLE_GOOGLE_EXCHANGE toggle"],"fullName":" POST /auth/google-exchange — ENABLE_GOOGLE_EXCHANGE toggle proceeds past the gate and issues a session token when ENABLE_GOOGLE_EXCHANGE=\"true\"","status":"passed","title":"proceeds past the gate and issues a session token when ENABLE_GOOGLE_EXCHANGE=\"true\"","duration":8,"failureMessages":[]},{"ancestorTitles":["","POST /auth/google-exchange — ENABLE_GOOGLE_EXCHANGE toggle"],"fullName":" POST /auth/google-exchange — ENABLE_GOOGLE_EXCHANGE toggle returns 401 when the Google credential fails verification while enabled","status":"passed","title":"returns 401 when the Google credential fails verification while enabled","duration":4,"failureMessages":[]},{"ancestorTitles":["","POST /auth/google-exchange — ENABLE_GOOGLE_EXCHANGE toggle"],"fullName":" POST /auth/google-exchange — ENABLE_GOOGLE_EXCHANGE toggle returns 400 when enabled but no credential is provided","status":"passed","title":"returns 400 when enabled but no credential is provided","duration":5,"failureMessages":[]}],"startTime":1782788316036,"endTime":1782788316113,"status":"passed","message":"","name":"/Users/subrahmanyaspilli/Desktop/credit-ai-app/backend/test/googleExchangeToggle.test.ts"},{"assertionResults":[{"ancestorTitles":["","googleSheetsService — unconfigured (env vars missing)"],"fullName":" googleSheetsService — unconfigured (env vars missing) isSheetsConfigured() returns false","status":"passed","title":"isSheetsConfigured() returns false","duration":3,"failureMessages":[]},{"ancestorTitles":["","googleSheetsService — unconfigured (env vars missing)"],"fullName":" googleSheetsService — unconfigured (env vars missing) upsertUserLogin() makes no HTTP calls","status":"passed","title":"upsertUserLogin() makes no HTTP calls","duration":1,"failureMessages":[]},{"ancestorTitles":["","googleSheetsService — unconfigured (env vars missing)"],"fullName":" googleSheetsService — unconfigured (env vars missing) saveFinancialDataToSheet() makes no HTTP calls","status":"passed","title":"saveFinancialDataToSheet() makes no HTTP calls","duration":1,"failureMessages":[]},{"ancestorTitles":["","googleSheetsService — unconfigured (env vars missing)"],"fullName":" googleSheetsService — unconfigured (env vars missing) loadFinancialDataFromSheet() returns null without any HTTP call","status":"passed","title":"loadFinancialDataFromSheet() returns null without any HTTP call","duration":0,"failureMessages":[]},{"ancestorTitles":["","googleSheetsService — configured"],"fullName":" googleSheetsService — configured isSheetsConfigured() returns true","status":"passed","title":"isSheetsConfigured() returns true","duration":0,"failureMessages":[]},{"ancestorTitles":["","googleSheetsService — configured","upsertUserLogin"],"fullName":" googleSheetsService — configured upsertUserLogin appends a new row when the email is not in the sheet","status":"passed","title":"appends a new row when the email is not in the sheet","duration":4,"failureMessages":[]},{"ancestorTitles":["","googleSheetsService — configured","upsertUserLogin"],"fullName":" googleSheetsService — configured upsertUserLogin updates LastSeen and name when the email already exists","status":"passed","title":"updates LastSeen and name when the email already exists","duration":2,"failureMessages":[]},{"ancestorTitles":["","googleSheetsService — configured","upsertUserLogin"],"fullName":" googleSheetsService — configured upsertUserLogin swallows API errors without throwing (graceful degradation)","status":"passed","title":"swallows API errors without throwing (graceful degradation)","duration":9,"failureMessages":[]},{"ancestorTitles":["","googleSheetsService — configured","saveFinancialDataToSheet"],"fullName":" googleSheetsService — configured saveFinancialDataToSheet appends a new row with computed income/expenditure/savings totals","status":"passed","title":"appends a new row with computed income/expenditure/savings totals","duration":1,"failureMessages":[]},{"ancestorTitles":["","googleSheetsService — configured","saveFinancialDataToSheet"],"fullName":" googleSheetsService — configured saveFinancialDataToSheet updates only ProfileJSON when only profile is passed (financialData preserved)","status":"passed","title":"updates only ProfileJSON when only profile is passed (financialData preserved)","duration":1,"failureMessages":[]},{"ancestorTitles":["","googleSheetsService — configured","saveFinancialDataToSheet"],"fullName":" googleSheetsService — configured saveFinancialDataToSheet updates only FinancialDataJSON when only financialData is passed (profile preserved)","status":"passed","title":"updates only FinancialDataJSON when only financialData is passed (profile preserved)","duration":1,"failureMessages":[]},{"ancestorTitles":["","googleSheetsService — configured","saveFinancialDataToSheet"],"fullName":" googleSheetsService — configured saveFinancialDataToSheet swallows API errors without throwing (graceful degradation)","status":"passed","title":"swallows API errors without throwing (graceful degradation)","duration":3,"failureMessages":[]},{"ancestorTitles":["","googleSheetsService — configured","loadFinancialDataFromSheet"],"fullName":" googleSheetsService — configured loadFinancialDataFromSheet returns null when the email is not present in the sheet","status":"passed","title":"returns null when the email is not present in the sheet","duration":0,"failureMessages":[]},{"ancestorTitles":["","googleSheetsService — configured","loadFinancialDataFromSheet"],"fullName":" googleSheetsService — configured loadFinancialDataFromSheet returns parsed uniqueId, profile, and financialData for a known email","status":"passed","title":"returns parsed uniqueId, profile, and financialData for a known email","duration":1,"failureMessages":[]},{"ancestorTitles":["","googleSheetsService — configured","loadFinancialDataFromSheet"],"fullName":" googleSheetsService — configured loadFinancialDataFromSheet returns profile and financialData as undefined when JSON columns are empty","status":"passed","title":"returns profile and financialData as undefined when JSON columns are empty","duration":1,"failureMessages":[]},{"ancestorTitles":["","googleSheetsService — configured","loadFinancialDataFromSheet"],"fullName":" googleSheetsService — configured loadFinancialDataFromSheet returns null on API failure (graceful degradation)","status":"passed","title":"returns null on API failure (graceful degradation)","duration":1,"failureMessages":[]}],"startTime":1782788313367,"endTime":1782788313415,"status":"passed","message":"","name":"/Users/subrahmanyaspilli/Desktop/credit-ai-app/backend/test/googleSheetsService.test.ts"},{"assertionResults":[{"ancestorTitles":["","hashPassword"],"fullName":" hashPassword returns salt:hash format","status":"passed","title":"returns salt:hash format","duration":158,"failureMessages":[]},{"ancestorTitles":["","hashPassword"],"fullName":" hashPassword produces a different hash each call (random salt)","status":"passed","title":"produces a different hash each call (random salt)","duration":238,"failureMessages":[]},{"ancestorTitles":["","hashPassword"],"fullName":" hashPassword never stores the plain-text password","status":"passed","title":"never stores the plain-text password","duration":71,"failureMessages":[]},{"ancestorTitles":["","verifyPassword"],"fullName":" verifyPassword returns true for the correct password","status":"passed","title":"returns true for the correct password","duration":130,"failureMessages":[]},{"ancestorTitles":["","verifyPassword"],"fullName":" verifyPassword returns false for the wrong password","status":"passed","title":"returns false for the wrong password","duration":125,"failureMessages":[]},{"ancestorTitles":["","verifyPassword"],"fullName":" verifyPassword returns false when the hash part is tampered (length mismatch)","status":"passed","title":"returns false when the hash part is tampered (length mismatch)","duration":114,"failureMessages":[]},{"ancestorTitles":["","verifyPassword"],"fullName":" verifyPassword returns false for a malformed stored value","status":"passed","title":"returns false for a malformed stored value","duration":1,"failureMessages":[]},{"ancestorTitles":["","registerUser"],"fullName":" registerUser creates a new user and the returned record has the expected fields","status":"passed","title":"creates a new user and the returned record has the expected fields","duration":180,"failureMessages":[]},{"ancestorTitles":["","registerUser"],"fullName":" registerUser stores a scrypt hash, not the plain-text password","status":"passed","title":"stores a scrypt hash, not the plain-text password","duration":93,"failureMessages":[]},{"ancestorTitles":["","registerUser"],"fullName":" registerUser normalises the email to lowercase before saving","status":"passed","title":"normalises the email to lowercase before saving","duration":85,"failureMessages":[]},{"ancestorTitles":["","registerUser"],"fullName":" registerUser throws 'Email already registered' on a duplicate email","status":"passed","title":"throws 'Email already registered' on a duplicate email","duration":21,"failureMessages":[]},{"ancestorTitles":["","findUserByEmail"],"fullName":" findUserByEmail finds a user that was previously registered","status":"passed","title":"finds a user that was previously registered","duration":11,"failureMessages":[]},{"ancestorTitles":["","findUserByEmail"],"fullName":" findUserByEmail returns null for an email that was never registered","status":"passed","title":"returns null for an email that was never registered","duration":10,"failureMessages":[]},{"ancestorTitles":["","findUserByEmail"],"fullName":" findUserByEmail returns the stored hash (not the plain password) in the record","status":"passed","title":"returns the stored hash (not the plain password) in the record","duration":9,"failureMessages":[]},{"ancestorTitles":["","loginUser"],"fullName":" loginUser returns the user record for correct credentials","status":"passed","title":"returns the user record for correct credentials","duration":72,"failureMessages":[]},{"ancestorTitles":["","loginUser"],"fullName":" loginUser reads the stored hash from Excel and accepts the matching password","status":"passed","title":"reads the stored hash from Excel and accepts the matching password","duration":68,"failureMessages":[]},{"ancestorTitles":["","loginUser"],"fullName":" loginUser throws for the wrong password","status":"passed","title":"throws for the wrong password","duration":67,"failureMessages":[]},{"ancestorTitles":["","loginUser"],"fullName":" loginUser throws for an email not in the Excel file","status":"passed","title":"throws for an email not in the Excel file","duration":14,"failureMessages":[]},{"ancestorTitles":["","loginUser"],"fullName":" loginUser is case-insensitive on email lookup","status":"passed","title":"is case-insensitive on email lookup","duration":62,"failureMessages":[]},{"ancestorTitles":["","loginUser"],"fullName":" loginUser does not return the plain-text password in any field","status":"passed","title":"does not return the plain-text password in any field","duration":85,"failureMessages":[]}],"startTime":1782788315560,"endTime":1782788317178,"status":"passed","message":"","name":"/Users/subrahmanyaspilli/Desktop/credit-ai-app/backend/test/userService.test.ts"}]}